<?xml version="1.0" encoding="UTF-8"?>
<!-- Generated by org.testng.reporters.JUnitReportReporter -->
<testsuite hostname="LAPTOP-86LFQNL2" name="tests.LoginTest" tests="4" failures="0" timestamp="1 May 2020 11:27:32 GMT" time="97.323" errors="0">
  <testcase name="signUp" time="33.865" classname="tests.LoginTest"/>
  <testcase name="navigateToHomePage" time="10.354" classname="tests.LoginTest"/>
  <testcase name="navigateToOrderHistory" time="28.878" classname="tests.LoginTest"/>
  <testcase name="loginToApplication" time="24.226" classname="tests.LoginTest"/>
</testsuite>
